<?xml version="1.0" encoding="UTF-8"?>
<coverage generated="1753780839790" clover="3.2.0">
  <project timestamp="1753780839790" name="All files">
    <metrics statements="32" coveredstatements="28" conditionals="4" coveredconditionals="1" methods="13" coveredmethods="7" elements="49" coveredelements="36" complexity="0" loc="32" ncloc="32" packages="2" files="8" classes="8"/>
    <package name="components">
      <metrics statements="11" coveredstatements="10" conditionals="4" coveredconditionals="1" methods="5" coveredmethods="4"/>
      <file name="Contacts.js" path="/Users/sneharaj/Documents/Github Repos/Full_Stack_Web_Development/Projects/food_ordering_app/src/components/Contacts.js">
        <metrics statements="2" coveredstatements="2" conditionals="0" coveredconditionals="0" methods="1" coveredmethods="1"/>
        <line num="1" count="1" type="stmt"/>
        <line num="2" count="3" type="stmt"/>
      </file>
      <file name="Header.js" path="/Users/sneharaj/Documents/Github Repos/Full_Stack_Web_Development/Projects/food_ordering_app/src/components/Header.js">
        <metrics statements="7" coveredstatements="6" conditionals="4" coveredconditionals="1" methods="3" coveredmethods="2"/>
        <line num="13" count="1" type="stmt"/>
        <line num="15" count="1" type="stmt"/>
        <line num="16" count="1" type="stmt"/>
        <line num="18" count="1" type="stmt"/>
        <line num="20" count="2" type="stmt"/>
        <line num="24" count="1" type="stmt"/>
        <line num="40" count="0" type="cond" truecount="0" falsecount="2"/>
      </file>
      <file name="sum.js" path="/Users/sneharaj/Documents/Github Repos/Full_Stack_Web_Development/Projects/food_ordering_app/src/components/sum.js">
        <metrics statements="2" coveredstatements="2" conditionals="0" coveredconditionals="0" methods="1" coveredmethods="1"/>
        <line num="1" count="1" type="stmt"/>
        <line num="2" count="1" type="stmt"/>
      </file>
    </package>
    <package name="utils">
      <metrics statements="21" coveredstatements="18" conditionals="0" coveredconditionals="0" methods="8" coveredmethods="3"/>
      <file name="UserContext.js" path="/Users/sneharaj/Documents/Github Repos/Full_Stack_Web_Development/Projects/food_ordering_app/src/utils/UserContext.js">
        <metrics statements="1" coveredstatements="1" conditionals="0" coveredconditionals="0" methods="0" coveredmethods="0"/>
        <line num="3" count="1" type="stmt"/>
      </file>
      <file name="appStore.js" path="/Users/sneharaj/Documents/Github Repos/Full_Stack_Web_Development/Projects/food_ordering_app/src/utils/appStore.js">
        <metrics statements="1" coveredstatements="1" conditionals="0" coveredconditionals="0" methods="0" coveredmethods="0"/>
        <line num="4" count="1" type="stmt"/>
      </file>
      <file name="cartSlice.js" path="/Users/sneharaj/Documents/Github Repos/Full_Stack_Web_Development/Projects/food_ordering_app/src/utils/cartSlice.js">
        <metrics statements="5" coveredstatements="2" conditionals="0" coveredconditionals="0" methods="3" coveredmethods="0"/>
        <line num="3" count="1" type="stmt"/>
        <line num="10" count="0" type="stmt"/>
        <line num="13" count="0" type="stmt"/>
        <line num="16" count="0" type="stmt"/>
        <line num="21" count="1" type="stmt"/>
      </file>
      <file name="constants.js" path="/Users/sneharaj/Documents/Github Repos/Full_Stack_Web_Development/Projects/food_ordering_app/src/utils/constants.js">
        <metrics statements="3" coveredstatements="3" conditionals="0" coveredconditionals="0" methods="0" coveredmethods="0"/>
        <line num="1" count="1" type="stmt"/>
        <line num="2" count="1" type="stmt"/>
        <line num="4" count="1" type="stmt"/>
      </file>
      <file name="useOnlineStatus.js" path="/Users/sneharaj/Documents/Github Repos/Full_Stack_Web_Development/Projects/food_ordering_app/src/utils/useOnlineStatus.js">
        <metrics statements="11" coveredstatements="11" conditionals="0" coveredconditionals="0" methods="5" coveredmethods="3"/>
        <line num="3" count="1" type="stmt"/>
        <line num="4" count="1" type="stmt"/>
        <line num="6" count="1" type="stmt"/>
        <line num="7" count="1" type="stmt"/>
        <line num="8" count="1" type="stmt"/>
        <line num="10" count="1" type="stmt"/>
        <line num="11" count="1" type="stmt"/>
        <line num="14" count="1" type="stmt"/>
        <line num="15" count="1" type="stmt"/>
        <line num="16" count="1" type="stmt"/>
        <line num="20" count="1" type="stmt"/>
      </file>
    </package>
  </project>
</coverage>
