{"/Users/sneharaj/Documents/Github Repos/Full_Stack_Web_Development/Projects/food_ordering_app/src/components/Contacts.js": {"path":"/Users/sneharaj/Documents/Github Repos/Full_Stack_Web_Development/Projects/food_ordering_app/src/components/Contacts.js","statementMap":{"0":{"start":{"line":1,"column":17},"end":{"line":50,"column":1}},"1":{"start":{"line":2,"column":4},"end":{"line":49,"column":6}}},"fnMap":{"0":{"name":"(anonymous_0)","decl":{"start":{"line":1,"column":17},"end":{"line":1,"column":18}},"loc":{"start":{"line":1,"column":23},"end":{"line":50,"column":1}},"line":1}},"branchMap":{},"s":{"0":1,"1":3},"f":{"0":3},"b":{},"_coverageSchema":"1a1c01bbd47fc00a2c39e90264f33305004495a9","hash":"09a5568602023b4865fa75393ea867879b8ede36"}
,"/Users/sneharaj/Documents/Github Repos/Full_Stack_Web_Development/Projects/food_ordering_app/src/components/Header.js": {"path":"/Users/sneharaj/Documents/Github Repos/Full_Stack_Web_Development/Projects/food_ordering_app/src/components/Header.js","statementMap":{"0":{"start":{"line":13,"column":15},"end":{"line":50,"column":1}},"1":{"start":{"line":15,"column":35},"end":{"line":15,"column":52}},"2":{"start":{"line":16,"column":25},"end":{"line":16,"column":42}},"3":{"start":{"line":18,"column":21},"end":{"line":18,"column":44}},"4":{"start":{"line":20,"column":22},"end":{"line":20,"column":60}},"5":{"start":{"line":20,"column":43},"end":{"line":20,"column":59}},"6":{"start":{"line":24,"column":4},"end":{"line":49,"column":6}},"7":{"start":{"line":40,"column":45},"end":{"line":40,"column":97}}},"fnMap":{"0":{"name":"(anonymous_0)","decl":{"start":{"line":13,"column":15},"end":{"line":13,"column":16}},"loc":{"start":{"line":13,"column":21},"end":{"line":50,"column":1}},"line":13},"1":{"name":"(anonymous_1)","decl":{"start":{"line":20,"column":34},"end":{"line":20,"column":35}},"loc":{"start":{"line":20,"column":43},"end":{"line":20,"column":59}},"line":20},"2":{"name":"(anonymous_2)","decl":{"start":{"line":40,"column":37},"end":{"line":40,"column":38}},"loc":{"start":{"line":40,"column":43},"end":{"line":40,"column":99}},"line":40}},"branchMap":{"0":{"loc":{"start":{"line":31,"column":30},"end":{"line":31,"column":56}},"type":"cond-expr","locations":[{"start":{"line":31,"column":45},"end":{"line":31,"column":49}},{"start":{"line":31,"column":52},"end":{"line":31,"column":56}}],"line":31},"1":{"loc":{"start":{"line":40,"column":56},"end":{"line":40,"column":96}},"type":"cond-expr","locations":[{"start":{"line":40,"column":78},"end":{"line":40,"column":86}},{"start":{"line":40,"column":89},"end":{"line":40,"column":96}}],"line":40}},"s":{"0":1,"1":1,"2":1,"3":1,"4":1,"5":2,"6":1,"7":0},"f":{"0":1,"1":2,"2":0},"b":{"0":[1,0],"1":[0,0]},"_coverageSchema":"1a1c01bbd47fc00a2c39e90264f33305004495a9","hash":"bf44241f664d0d9ed546d494fe71cac268dd0e75"}
,"/Users/sneharaj/Documents/Github Repos/Full_Stack_Web_Development/Projects/food_ordering_app/src/components/sum.js": {"path":"/Users/sneharaj/Documents/Github Repos/Full_Stack_Web_Development/Projects/food_ordering_app/src/components/sum.js","statementMap":{"0":{"start":{"line":1,"column":19},"end":{"line":3,"column":1}},"1":{"start":{"line":2,"column":4},"end":{"line":2,"column":15}}},"fnMap":{"0":{"name":"(anonymous_0)","decl":{"start":{"line":1,"column":19},"end":{"line":1,"column":20}},"loc":{"start":{"line":1,"column":27},"end":{"line":3,"column":1}},"line":1}},"branchMap":{},"s":{"0":1,"1":1},"f":{"0":1},"b":{},"_coverageSchema":"1a1c01bbd47fc00a2c39e90264f33305004495a9","hash":"38c65fce8c85d97e670c5bef1f11dd9329df32fa"}
,"/Users/sneharaj/Documents/Github Repos/Full_Stack_Web_Development/Projects/food_ordering_app/src/utils/UserContext.js": {"path":"/Users/sneharaj/Documents/Github Repos/Full_Stack_Web_Development/Projects/food_ordering_app/src/utils/UserContext.js","statementMap":{"0":{"start":{"line":3,"column":20},"end":{"line":5,"column":2}}},"fnMap":{},"branchMap":{},"s":{"0":1},"f":{},"b":{},"_coverageSchema":"1a1c01bbd47fc00a2c39e90264f33305004495a9","hash":"bdd8b3c037e7a017268d5008f6aab7d7ed09cce2"}
,"/Users/sneharaj/Documents/Github Repos/Full_Stack_Web_Development/Projects/food_ordering_app/src/utils/appStore.js": {"path":"/Users/sneharaj/Documents/Github Repos/Full_Stack_Web_Development/Projects/food_ordering_app/src/utils/appStore.js","statementMap":{"0":{"start":{"line":4,"column":17},"end":{"line":8,"column":2}}},"fnMap":{},"branchMap":{},"s":{"0":1},"f":{},"b":{},"_coverageSchema":"1a1c01bbd47fc00a2c39e90264f33305004495a9","hash":"d67d899c8bca3840fcacb90d6a6196648a444100"}
,"/Users/sneharaj/Documents/Github Repos/Full_Stack_Web_Development/Projects/food_ordering_app/src/utils/cartSlice.js": {"path":"/Users/sneharaj/Documents/Github Repos/Full_Stack_Web_Development/Projects/food_ordering_app/src/utils/cartSlice.js","statementMap":{"0":{"start":{"line":3,"column":18},"end":{"line":19,"column":2}},"1":{"start":{"line":10,"column":12},"end":{"line":10,"column":45}},"2":{"start":{"line":13,"column":12},"end":{"line":13,"column":30}},"3":{"start":{"line":16,"column":12},"end":{"line":16,"column":35}},"4":{"start":{"line":21,"column":46},"end":{"line":21,"column":63}}},"fnMap":{"0":{"name":"(anonymous_0)","decl":{"start":{"line":9,"column":16},"end":{"line":9,"column":17}},"loc":{"start":{"line":9,"column":33},"end":{"line":11,"column":9}},"line":9},"1":{"name":"(anonymous_1)","decl":{"start":{"line":12,"column":20},"end":{"line":12,"column":21}},"loc":{"start":{"line":12,"column":36},"end":{"line":14,"column":9}},"line":12},"2":{"name":"(anonymous_2)","decl":{"start":{"line":15,"column":19},"end":{"line":15,"column":20}},"loc":{"start":{"line":15,"column":37},"end":{"line":17,"column":9}},"line":15}},"branchMap":{},"s":{"0":1,"1":0,"2":0,"3":0,"4":1},"f":{"0":0,"1":0,"2":0},"b":{},"_coverageSchema":"1a1c01bbd47fc00a2c39e90264f33305004495a9","hash":"8ec6b09cdc431d97abc11b8ca074661d28c26db2"}
,"/Users/sneharaj/Documents/Github Repos/Full_Stack_Web_Development/Projects/food_ordering_app/src/utils/constants.js": {"path":"/Users/sneharaj/Documents/Github Repos/Full_Stack_Web_Development/Projects/food_ordering_app/src/utils/constants.js","statementMap":{"0":{"start":{"line":1,"column":23},"end":{"line":1,"column":106}},"1":{"start":{"line":2,"column":24},"end":{"line":2,"column":7624}},"2":{"start":{"line":4,"column":24},"end":{"line":4,"column":143}}},"fnMap":{},"branchMap":{},"s":{"0":1,"1":1,"2":1},"f":{},"b":{},"_coverageSchema":"1a1c01bbd47fc00a2c39e90264f33305004495a9","hash":"6a91d11d9acef1bcc92ee9aba866cb3647ce07e6"}
,"/Users/sneharaj/Documents/Github Repos/Full_Stack_Web_Development/Projects/food_ordering_app/src/utils/useOnlineStatus.js": {"path":"/Users/sneharaj/Documents/Github Repos/Full_Stack_Web_Development/Projects/food_ordering_app/src/utils/useOnlineStatus.js","statementMap":{"0":{"start":{"line":3,"column":24},"end":{"line":21,"column":1}},"1":{"start":{"line":4,"column":34},"end":{"line":4,"column":60}},"2":{"start":{"line":6,"column":2},"end":{"line":18,"column":9}},"3":{"start":{"line":7,"column":25},"end":{"line":7,"column":48}},"4":{"start":{"line":7,"column":31},"end":{"line":7,"column":48}},"5":{"start":{"line":8,"column":26},"end":{"line":8,"column":50}},"6":{"start":{"line":8,"column":32},"end":{"line":8,"column":50}},"7":{"start":{"line":10,"column":4},"end":{"line":10,"column":52}},"8":{"start":{"line":11,"column":4},"end":{"line":11,"column":54}},"9":{"start":{"line":14,"column":4},"end":{"line":17,"column":6}},"10":{"start":{"line":15,"column":6},"end":{"line":15,"column":57}},"11":{"start":{"line":16,"column":6},"end":{"line":16,"column":59}},"12":{"start":{"line":20,"column":2},"end":{"line":20,"column":18}}},"fnMap":{"0":{"name":"(anonymous_0)","decl":{"start":{"line":3,"column":24},"end":{"line":3,"column":25}},"loc":{"start":{"line":3,"column":30},"end":{"line":21,"column":1}},"line":3},"1":{"name":"(anonymous_1)","decl":{"start":{"line":6,"column":12},"end":{"line":6,"column":13}},"loc":{"start":{"line":6,"column":18},"end":{"line":18,"column":3}},"line":6},"2":{"name":"(anonymous_2)","decl":{"start":{"line":7,"column":25},"end":{"line":7,"column":26}},"loc":{"start":{"line":7,"column":31},"end":{"line":7,"column":48}},"line":7},"3":{"name":"(anonymous_3)","decl":{"start":{"line":8,"column":26},"end":{"line":8,"column":27}},"loc":{"start":{"line":8,"column":32},"end":{"line":8,"column":50}},"line":8},"4":{"name":"(anonymous_4)","decl":{"start":{"line":14,"column":11},"end":{"line":14,"column":12}},"loc":{"start":{"line":14,"column":17},"end":{"line":17,"column":5}},"line":14}},"branchMap":{},"s":{"0":1,"1":1,"2":1,"3":1,"4":0,"5":1,"6":0,"7":1,"8":1,"9":1,"10":1,"11":1,"12":1},"f":{"0":1,"1":1,"2":0,"3":0,"4":1},"b":{},"_coverageSchema":"1a1c01bbd47fc00a2c39e90264f33305004495a9","hash":"1cc54dc55532cb3bba71612d8d2ac10a063838ab"}
}
